[debug] [2020-10-02T04:15:42.676Z] ----------------------------------------------------------------------
[debug] [2020-10-02T04:15:42.679Z] Command:       C:\Program Files\nodejs\node.exe C:\Users\DELL\AppData\Roaming\npm\node_modules\firebase-tools\lib\bin\firebase.js emulators:start
[debug] [2020-10-02T04:15:42.680Z] CLI Version:   8.11.2
[debug] [2020-10-02T04:15:42.680Z] Platform:      win32
[debug] [2020-10-02T04:15:42.680Z] Node Version:  v12.18.4
[debug] [2020-10-02T04:15:42.681Z] Time:          Fri Oct 02 2020 09:45:42 GMT+0530 (India Standard Time)
[debug] [2020-10-02T04:15:42.681Z] ----------------------------------------------------------------------
[debug] [2020-10-02T04:15:42.681Z] 
[debug] [2020-10-02T04:15:42.691Z] > command requires scopes: ["email","openid","https://www.googleapis.com/auth/cloudplatformprojects.readonly","https://www.googleapis.com/auth/firebase","https://www.googleapis.com/auth/cloud-platform"]
[debug] [2020-10-02T04:15:42.691Z] > authorizing via signed-in user
[info] i  emulators: Starting emulators: functions, hosting {"metadata":{"emulator":{"name":"hub"},"message":"Starting emulators: functions, hosting"}}
[debug] [2020-10-02T04:15:44.749Z] [hub] writing locator at C:\Users\DELL\AppData\Local\Temp\hub-replica-3c544.json
[warn] !  functions: The following emulators are not running, calls to these services from the Functions emulator will affect production: auth, firestore, database, pubsub {"metadata":{"emulator":{"name":"functions"},"message":"The following emulators are not running, calls to these services from the Functions emulator will affect production: \u001b[1mauth, firestore, database, pubsub\u001b[22m"}}
[warn] !  Your requested "node" version "10" doesn't match your global version "12" {"metadata":{"emulator":{"name":"functions"},"message":"Your requested \"node\" version \"10\" doesn't match your global version \"12\""}}
[debug] [2020-10-02T04:15:46.967Z] defaultcredentials: writing to file C:\Users\DELL\AppData\Roaming\firebase\ganesh_08643_gmail.com_application_default_credentials.json
[debug] [2020-10-02T04:15:46.972Z] Setting GAC to C:\Users\DELL\AppData\Roaming\firebase\ganesh_08643_gmail.com_application_default_credentials.json {"metadata":{"emulator":{"name":"functions"},"message":"Setting GAC to C:\\Users\\DELL\\AppData\\Roaming\\firebase\\ganesh_08643_gmail.com_application_default_credentials.json"}}
[debug] [2020-10-02T04:15:48.994Z] > refreshing access token with scopes: ["email","https://www.googleapis.com/auth/cloud-platform","https://www.googleapis.com/auth/cloudplatformprojects.readonly","https://www.googleapis.com/auth/firebase","openid"]
[debug] [2020-10-02T04:15:48.995Z] >>> HTTP REQUEST POST https://www.googleapis.com/oauth2/v3/token  
 <request body omitted>
[debug] [2020-10-02T04:15:49.457Z] <<< HTTP RESPONSE 200 {"content-type":"application/json; charset=utf-8","vary":"X-Origin, Referer, Origin,Accept-Encoding","date":"Fri, 02 Oct 2020 04:15:47 GMT","server":"scaffolding on HTTPServer2","cache-control":"private","x-xss-protection":"0","x-frame-options":"SAMEORIGIN","x-content-type-options":"nosniff","alt-svc":"h3-Q050=\":443\"; ma=2592000,h3-29=\":443\"; ma=2592000,h3-27=\":443\"; ma=2592000,h3-T051=\":443\"; ma=2592000,h3-T050=\":443\"; ma=2592000,h3-Q046=\":443\"; ma=2592000,h3-Q043=\":443\"; ma=2592000,quic=\":443\"; ma=2592000; v=\"46,43\"","accept-ranges":"none","transfer-encoding":"chunked"}
[debug] [2020-10-02T04:15:49.493Z] >>> HTTP REQUEST GET https://firebase.googleapis.com/v1beta1/projects/replica-3c544/webApps/-/config  
 
[debug] [2020-10-02T04:15:52.149Z] <<< HTTP RESPONSE 200 {"content-type":"application/json; charset=UTF-8","vary":"X-Origin, Referer, Origin,Accept-Encoding","date":"Fri, 02 Oct 2020 04:15:49 GMT","server":"ESF","cache-control":"private","x-xss-protection":"0","x-frame-options":"SAMEORIGIN","x-content-type-options":"nosniff","alt-svc":"h3-Q050=\":443\"; ma=2592000,h3-29=\":443\"; ma=2592000,h3-27=\":443\"; ma=2592000,h3-T051=\":443\"; ma=2592000,h3-T050=\":443\"; ma=2592000,h3-Q046=\":443\"; ma=2592000,h3-Q043=\":443\"; ma=2592000,quic=\":443\"; ma=2592000; v=\"46,43\"","accept-ranges":"none","transfer-encoding":"chunked"}
[info] i  hosting: Serving hosting files from: build {"metadata":{"emulator":{"name":"hosting"},"message":"Serving hosting files from: \u001b[1mbuild\u001b[22m"}}
[info] +  hosting: Local server: http://localhost:5000 {"metadata":{"emulator":{"name":"hosting"},"message":"Local server: \u001b[4m\u001b[1mhttp://localhost:5000\u001b[22m\u001b[24m"}}
[info] i  ui: downloading ui-v1.1.1.zip... {"metadata":{"emulator":{"name":"ui"},"message":"downloading ui-v1.1.1.zip..."}}
[debug] [2020-10-02T04:16:06.059Z] Ignoring unsupported arg: auto_download {"metadata":{"emulator":{"name":"ui"},"message":"Ignoring unsupported arg: auto_download"}}
[debug] [2020-10-02T04:16:06.059Z] Ignoring unsupported arg: port {"metadata":{"emulator":{"name":"ui"},"message":"Ignoring unsupported arg: port"}}
[debug] [2020-10-02T04:16:06.059Z] Starting Emulator UI with command {"binary":"node","args":["C:\\Users\\DELL\\.cache\\firebase\\emulators\\ui-v1.1.1\\server.bundle.js"],"optionalArgs":[],"joinArgs":false} {"metadata":{"emulator":{"name":"ui"},"message":"Starting Emulator UI with command {\"binary\":\"node\",\"args\":[\"C:\\\\Users\\\\DELL\\\\.cache\\\\firebase\\\\emulators\\\\ui-v1.1.1\\\\server.bundle.js\"],\"optionalArgs\":[],\"joinArgs\":false}"}}
[info] i  ui: Emulator UI logging to ui-debug.log {"metadata":{"emulator":{"name":"ui"},"message":"Emulator UI logging to \u001b[1mui-debug.log\u001b[22m"}}
[debug] [2020-10-02T04:16:06.239Z] Web / API server started at http://localhost:4000
 {"metadata":{"emulator":{"name":"ui"},"message":"Web / API server started at http://localhost:4000\n"}}
[info] i  functions: Watching "E:\React-workspace\amazon-replica\functions" for Cloud Functions... {"metadata":{"emulator":{"name":"functions"},"message":"Watching \"E:\\React-workspace\\amazon-replica\\functions\" for Cloud Functions..."}}
[debug] [2020-10-02T04:16:06.705Z] [worker-pool] addWorker(~diagnostic~) {"metadata":{"emulator":{"name":"functions"},"message":"[worker-pool] addWorker(~diagnostic~)"}}
[debug] [2020-10-02T04:16:06.705Z] [worker-pool] Adding worker with key ~diagnostic~, total=1 {"metadata":{"emulator":{"name":"functions"},"message":"[worker-pool] Adding worker with key ~diagnostic~, total=1"}}
[debug] [2020-10-02T04:16:06.706Z] [worker-pool] submitWork(triggerId=) {"metadata":{"emulator":{"name":"functions"},"message":"[worker-pool] submitWork(triggerId=)"}}
[debug] [2020-10-02T04:16:06.706Z] [worker-~diagnostic~-e3e66c03-3629-46dd-9a1c-2b16518d1fc5]: Assigning socketPath: \\?\pipe\E:\React-workspace\amazon-replica\functions\6152 {"metadata":{"emulator":{"name":"functions"},"message":"[worker-~diagnostic~-e3e66c03-3629-46dd-9a1c-2b16518d1fc5]: Assigning socketPath: \\\\?\\pipe\\E:\\React-workspace\\amazon-replica\\functions\\6152"}}
[debug] [2020-10-02T04:16:06.707Z] [worker-~diagnostic~-e3e66c03-3629-46dd-9a1c-2b16518d1fc5]: BUSY {"metadata":{"emulator":{"name":"functions"},"message":"[worker-~diagnostic~-e3e66c03-3629-46dd-9a1c-2b16518d1fc5]: BUSY"}}
[debug] [2020-10-02T04:16:07.272Z] [runtime-status] [6152] Functions runtime initialized. {"cwd":"E:\\React-workspace\\amazon-replica\\functions","node_version":"12.18.4"} {"metadata":{"emulator":{"name":"functions"},"message":"[runtime-status] [6152] Functions runtime initialized. {\"cwd\":\"E:\\\\React-workspace\\\\amazon-replica\\\\functions\",\"node_version\":\"12.18.4\"}"}}
[debug] [2020-10-02T04:16:07.279Z] [runtime-status] [6152] Disabled runtime features: undefined {"metadata":{"emulator":{"name":"functions"},"message":"[runtime-status] [6152] Disabled runtime features: undefined"}}
[debug] [2020-10-02T04:16:07.320Z] [runtime-status] [6152] Resolved module firebase-admin {"declared":true,"installed":true,"version":"8.13.0","resolution":"E:\\React-workspace\\amazon-replica\\functions\\node_modules\\firebase-admin\\lib\\index.js"} {"metadata":{"emulator":{"name":"functions"},"message":"[runtime-status] [6152] Resolved module firebase-admin {\"declared\":true,\"installed\":true,\"version\":\"8.13.0\",\"resolution\":\"E:\\\\React-workspace\\\\amazon-replica\\\\functions\\\\node_modules\\\\firebase-admin\\\\lib\\\\index.js\"}"}}
[debug] [2020-10-02T04:16:07.358Z] [runtime-status] [6152] Resolved module firebase-functions {"declared":true,"installed":true,"version":"3.11.0","resolution":"E:\\React-workspace\\amazon-replica\\functions\\node_modules\\firebase-functions\\lib\\index.js"} {"metadata":{"emulator":{"name":"functions"},"message":"[runtime-status] [6152] Resolved module firebase-functions {\"declared\":true,\"installed\":true,\"version\":\"3.11.0\",\"resolution\":\"E:\\\\React-workspace\\\\amazon-replica\\\\functions\\\\node_modules\\\\firebase-functions\\\\lib\\\\index.js\"}"}}
[debug] [2020-10-02T04:16:07.360Z] [runtime-status] [6152] Resolved module firebase-functions {"declared":true,"installed":true,"version":"3.11.0","resolution":"E:\\React-workspace\\amazon-replica\\functions\\node_modules\\firebase-functions\\lib\\index.js"} {"metadata":{"emulator":{"name":"functions"},"message":"[runtime-status] [6152] Resolved module firebase-functions {\"declared\":true,\"installed\":true,\"version\":\"3.11.0\",\"resolution\":\"E:\\\\React-workspace\\\\amazon-replica\\\\functions\\\\node_modules\\\\firebase-functions\\\\lib\\\\index.js\"}"}}
[debug] [2020-10-02T04:16:07.362Z] [runtime-status] [6152] Outgoing network have been stubbed. [{"name":"http","status":"mocked"},{"name":"http","status":"mocked"},{"name":"https","status":"mocked"},{"name":"https","status":"mocked"},{"name":"net","status":"mocked"}] {"metadata":{"emulator":{"name":"functions"},"message":"[runtime-status] [6152] Outgoing network have been stubbed. [{\"name\":\"http\",\"status\":\"mocked\"},{\"name\":\"http\",\"status\":\"mocked\"},{\"name\":\"https\",\"status\":\"mocked\"},{\"name\":\"https\",\"status\":\"mocked\"},{\"name\":\"net\",\"status\":\"mocked\"}]"}}
[debug] [2020-10-02T04:16:07.363Z] [runtime-status] [6152] Resolved module firebase-functions {"declared":true,"installed":true,"version":"3.11.0","resolution":"E:\\React-workspace\\amazon-replica\\functions\\node_modules\\firebase-functions\\lib\\index.js"} {"metadata":{"emulator":{"name":"functions"},"message":"[runtime-status] [6152] Resolved module firebase-functions {\"declared\":true,\"installed\":true,\"version\":\"3.11.0\",\"resolution\":\"E:\\\\React-workspace\\\\amazon-replica\\\\functions\\\\node_modules\\\\firebase-functions\\\\lib\\\\index.js\"}"}}
[debug] [2020-10-02T04:16:08.386Z] [runtime-status] [6152] Checked functions.config() {"config":{}} {"metadata":{"emulator":{"name":"functions"},"message":"[runtime-status] [6152] Checked functions.config() {\"config\":{}}"}}
[debug] [2020-10-02T04:16:08.388Z] [runtime-status] [6152] firebase-functions has been stubbed. {"functionsResolution":{"declared":true,"installed":true,"version":"3.11.0","resolution":"E:\\React-workspace\\amazon-replica\\functions\\node_modules\\firebase-functions\\lib\\index.js"}} {"metadata":{"emulator":{"name":"functions"},"message":"[runtime-status] [6152] firebase-functions has been stubbed. {\"functionsResolution\":{\"declared\":true,\"installed\":true,\"version\":\"3.11.0\",\"resolution\":\"E:\\\\React-workspace\\\\amazon-replica\\\\functions\\\\node_modules\\\\firebase-functions\\\\lib\\\\index.js\"}}"}}
[debug] [2020-10-02T04:16:08.390Z] [runtime-status] [6152] Resolved module firebase-functions {"declared":true,"installed":true,"version":"3.11.0","resolution":"E:\\React-workspace\\amazon-replica\\functions\\node_modules\\firebase-functions\\lib\\index.js"} {"metadata":{"emulator":{"name":"functions"},"message":"[runtime-status] [6152] Resolved module firebase-functions {\"declared\":true,\"installed\":true,\"version\":\"3.11.0\",\"resolution\":\"E:\\\\React-workspace\\\\amazon-replica\\\\functions\\\\node_modules\\\\firebase-functions\\\\lib\\\\index.js\"}"}}
[debug] [2020-10-02T04:16:08.396Z] [runtime-status] [6152] Resolved module firebase-admin {"declared":true,"installed":true,"version":"8.13.0","resolution":"E:\\React-workspace\\amazon-replica\\functions\\node_modules\\firebase-admin\\lib\\index.js"} {"metadata":{"emulator":{"name":"functions"},"message":"[runtime-status] [6152] Resolved module firebase-admin {\"declared\":true,\"installed\":true,\"version\":\"8.13.0\",\"resolution\":\"E:\\\\React-workspace\\\\amazon-replica\\\\functions\\\\node_modules\\\\firebase-admin\\\\lib\\\\index.js\"}"}}
[debug] [2020-10-02T04:16:08.400Z] [runtime-status] [6152] Resolved module firebase-functions {"declared":true,"installed":true,"version":"3.11.0","resolution":"E:\\React-workspace\\amazon-replica\\functions\\node_modules\\firebase-functions\\lib\\index.js"} {"metadata":{"emulator":{"name":"functions"},"message":"[runtime-status] [6152] Resolved module firebase-functions {\"declared\":true,\"installed\":true,\"version\":\"3.11.0\",\"resolution\":\"E:\\\\React-workspace\\\\amazon-replica\\\\functions\\\\node_modules\\\\firebase-functions\\\\lib\\\\index.js\"}"}}
[debug] [2020-10-02T04:16:08.401Z] [runtime-status] [6152] firebase-admin has been stubbed. {"adminResolution":{"declared":true,"installed":true,"version":"8.13.0","resolution":"E:\\React-workspace\\amazon-replica\\functions\\node_modules\\firebase-admin\\lib\\index.js"}} {"metadata":{"emulator":{"name":"functions"},"message":"[runtime-status] [6152] firebase-admin has been stubbed. {\"adminResolution\":{\"declared\":true,\"installed\":true,\"version\":\"8.13.0\",\"resolution\":\"E:\\\\React-workspace\\\\amazon-replica\\\\functions\\\\node_modules\\\\firebase-admin\\\\lib\\\\index.js\"}}"}}
[info] +  functions[api]: http function initialized (http://localhost:5001/replica-3c544/us-central1/api). {"metadata":{"emulator":{"name":"functions"},"message":"\u001b[1mhttp\u001b[22m function initialized (http://localhost:5001/replica-3c544/us-central1/api)."}}
[info] 
┌───────────────────────────────────────────────────────────────────────┐
│ ✔  All emulators ready! View status and logs at http://localhost:4000 │
└───────────────────────────────────────────────────────────────────────┘

┌───────────┬────────────────┬─────────────────────────────────┐
│ Emulator  │ Host:Port      │ View in Emulator UI             │
├───────────┼────────────────┼─────────────────────────────────┤
│ Functions │ localhost:5001 │ http://localhost:4000/functions │
├───────────┼────────────────┼─────────────────────────────────┤
│ Hosting   │ localhost:5000 │ n/a                             │
└───────────┴────────────────┴─────────────────────────────────┘
  Other reserved ports: 4400, 4500

Issues? Report them at https://github.com/firebase/firebase-tools/issues and attach the *-debug.log files.
 
[debug] [2020-10-02T04:16:12.041Z] [worker-~diagnostic~-e3e66c03-3629-46dd-9a1c-2b16518d1fc5]: IDLE {"metadata":{"emulator":{"name":"functions"},"message":"[worker-~diagnostic~-e3e66c03-3629-46dd-9a1c-2b16518d1fc5]: IDLE"}}
[debug] [2020-10-02T04:18:08.817Z] [work-queue] {"queueLength":1,"workRunningCount":0}
[debug] [2020-10-02T04:18:08.818Z] [work-queue] {"queueLength":0,"workRunningCount":1}
[debug] [2020-10-02T04:18:08.820Z] Accepted request GET /replica-3c544/us-central1/api/ --> api
[debug] [2020-10-02T04:18:08.833Z] [worker-pool] addWorker(api) {"metadata":{"emulator":{"name":"functions"},"message":"[worker-pool] addWorker(api)"}}
[debug] [2020-10-02T04:18:08.835Z] [worker-pool] Adding worker with key api, total=1 {"metadata":{"emulator":{"name":"functions"},"message":"[worker-pool] Adding worker with key api, total=1"}}
[debug] [2020-10-02T04:18:08.835Z] [worker-pool] submitWork(triggerId=api) {"metadata":{"emulator":{"name":"functions"},"message":"[worker-pool] submitWork(triggerId=api)"}}
[debug] [2020-10-02T04:18:08.836Z] [worker-api-2479e20c-48bd-47a4-8418-0e06826aa575]: Assigning socketPath: \\?\pipe\E:\React-workspace\amazon-replica\functions\2616 {"metadata":{"emulator":{"name":"functions"},"message":"[worker-api-2479e20c-48bd-47a4-8418-0e06826aa575]: Assigning socketPath: \\\\?\\pipe\\E:\\React-workspace\\amazon-replica\\functions\\2616"}}
[debug] [2020-10-02T04:18:08.837Z] [worker-api-2479e20c-48bd-47a4-8418-0e06826aa575]: BUSY {"metadata":{"emulator":{"name":"functions"},"message":"[worker-api-2479e20c-48bd-47a4-8418-0e06826aa575]: BUSY"}}
[debug] [2020-10-02T04:18:09.541Z] [runtime-status] [2616] Functions runtime initialized. {"cwd":"E:\\React-workspace\\amazon-replica\\functions","node_version":"12.18.4"} {"metadata":{"emulator":{"name":"functions"},"function":{"name":"api"},"message":"[runtime-status] [2616] Functions runtime initialized. {\"cwd\":\"E:\\\\React-workspace\\\\amazon-replica\\\\functions\",\"node_version\":\"12.18.4\"}"}}
[debug] [2020-10-02T04:18:09.548Z] [runtime-status] [2616] Disabled runtime features: undefined {"metadata":{"emulator":{"name":"functions"},"function":{"name":"api"},"message":"[runtime-status] [2616] Disabled runtime features: undefined"}}
[debug] [2020-10-02T04:18:09.553Z] [runtime-status] [2616] Resolved module firebase-admin {"declared":true,"installed":true,"version":"8.13.0","resolution":"E:\\React-workspace\\amazon-replica\\functions\\node_modules\\firebase-admin\\lib\\index.js"} {"metadata":{"emulator":{"name":"functions"},"function":{"name":"api"},"message":"[runtime-status] [2616] Resolved module firebase-admin {\"declared\":true,\"installed\":true,\"version\":\"8.13.0\",\"resolution\":\"E:\\\\React-workspace\\\\amazon-replica\\\\functions\\\\node_modules\\\\firebase-admin\\\\lib\\\\index.js\"}"}}
[debug] [2020-10-02T04:18:09.560Z] [runtime-status] [2616] Resolved module firebase-functions {"declared":true,"installed":true,"version":"3.11.0","resolution":"E:\\React-workspace\\amazon-replica\\functions\\node_modules\\firebase-functions\\lib\\index.js"} {"metadata":{"emulator":{"name":"functions"},"function":{"name":"api"},"message":"[runtime-status] [2616] Resolved module firebase-functions {\"declared\":true,\"installed\":true,\"version\":\"3.11.0\",\"resolution\":\"E:\\\\React-workspace\\\\amazon-replica\\\\functions\\\\node_modules\\\\firebase-functions\\\\lib\\\\index.js\"}"}}
[debug] [2020-10-02T04:18:09.561Z] [runtime-status] [2616] Resolved module firebase-functions {"declared":true,"installed":true,"version":"3.11.0","resolution":"E:\\React-workspace\\amazon-replica\\functions\\node_modules\\firebase-functions\\lib\\index.js"} {"metadata":{"emulator":{"name":"functions"},"function":{"name":"api"},"message":"[runtime-status] [2616] Resolved module firebase-functions {\"declared\":true,\"installed\":true,\"version\":\"3.11.0\",\"resolution\":\"E:\\\\React-workspace\\\\amazon-replica\\\\functions\\\\node_modules\\\\firebase-functions\\\\lib\\\\index.js\"}"}}
[debug] [2020-10-02T04:18:09.564Z] [runtime-status] [2616] Outgoing network have been stubbed. [{"name":"http","status":"mocked"},{"name":"http","status":"mocked"},{"name":"https","status":"mocked"},{"name":"https","status":"mocked"},{"name":"net","status":"mocked"}] {"metadata":{"emulator":{"name":"functions"},"function":{"name":"api"},"message":"[runtime-status] [2616] Outgoing network have been stubbed. [{\"name\":\"http\",\"status\":\"mocked\"},{\"name\":\"http\",\"status\":\"mocked\"},{\"name\":\"https\",\"status\":\"mocked\"},{\"name\":\"https\",\"status\":\"mocked\"},{\"name\":\"net\",\"status\":\"mocked\"}]"}}
[debug] [2020-10-02T04:18:09.564Z] [runtime-status] [2616] Resolved module firebase-functions {"declared":true,"installed":true,"version":"3.11.0","resolution":"E:\\React-workspace\\amazon-replica\\functions\\node_modules\\firebase-functions\\lib\\index.js"} {"metadata":{"emulator":{"name":"functions"},"function":{"name":"api"},"message":"[runtime-status] [2616] Resolved module firebase-functions {\"declared\":true,\"installed\":true,\"version\":\"3.11.0\",\"resolution\":\"E:\\\\React-workspace\\\\amazon-replica\\\\functions\\\\node_modules\\\\firebase-functions\\\\lib\\\\index.js\"}"}}
[debug] [2020-10-02T04:18:09.622Z] [runtime-status] [2616] Checked functions.config() {"config":{}} {"metadata":{"emulator":{"name":"functions"},"function":{"name":"api"},"message":"[runtime-status] [2616] Checked functions.config() {\"config\":{}}"}}
[debug] [2020-10-02T04:18:09.623Z] [runtime-status] [2616] firebase-functions has been stubbed. {"functionsResolution":{"declared":true,"installed":true,"version":"3.11.0","resolution":"E:\\React-workspace\\amazon-replica\\functions\\node_modules\\firebase-functions\\lib\\index.js"}} {"metadata":{"emulator":{"name":"functions"},"function":{"name":"api"},"message":"[runtime-status] [2616] firebase-functions has been stubbed. {\"functionsResolution\":{\"declared\":true,\"installed\":true,\"version\":\"3.11.0\",\"resolution\":\"E:\\\\React-workspace\\\\amazon-replica\\\\functions\\\\node_modules\\\\firebase-functions\\\\lib\\\\index.js\"}}"}}
[debug] [2020-10-02T04:18:09.623Z] [runtime-status] [2616] Resolved module firebase-functions {"declared":true,"installed":true,"version":"3.11.0","resolution":"E:\\React-workspace\\amazon-replica\\functions\\node_modules\\firebase-functions\\lib\\index.js"} {"metadata":{"emulator":{"name":"functions"},"function":{"name":"api"},"message":"[runtime-status] [2616] Resolved module firebase-functions {\"declared\":true,\"installed\":true,\"version\":\"3.11.0\",\"resolution\":\"E:\\\\React-workspace\\\\amazon-replica\\\\functions\\\\node_modules\\\\firebase-functions\\\\lib\\\\index.js\"}"}}
[debug] [2020-10-02T04:18:09.625Z] [runtime-status] [2616] Resolved module firebase-admin {"declared":true,"installed":true,"version":"8.13.0","resolution":"E:\\React-workspace\\amazon-replica\\functions\\node_modules\\firebase-admin\\lib\\index.js"} {"metadata":{"emulator":{"name":"functions"},"function":{"name":"api"},"message":"[runtime-status] [2616] Resolved module firebase-admin {\"declared\":true,\"installed\":true,\"version\":\"8.13.0\",\"resolution\":\"E:\\\\React-workspace\\\\amazon-replica\\\\functions\\\\node_modules\\\\firebase-admin\\\\lib\\\\index.js\"}"}}
[debug] [2020-10-02T04:18:09.626Z] [runtime-status] [2616] Resolved module firebase-functions {"declared":true,"installed":true,"version":"3.11.0","resolution":"E:\\React-workspace\\amazon-replica\\functions\\node_modules\\firebase-functions\\lib\\index.js"} {"metadata":{"emulator":{"name":"functions"},"function":{"name":"api"},"message":"[runtime-status] [2616] Resolved module firebase-functions {\"declared\":true,\"installed\":true,\"version\":\"3.11.0\",\"resolution\":\"E:\\\\React-workspace\\\\amazon-replica\\\\functions\\\\node_modules\\\\firebase-functions\\\\lib\\\\index.js\"}"}}
[debug] [2020-10-02T04:18:09.626Z] [runtime-status] [2616] firebase-admin has been stubbed. {"adminResolution":{"declared":true,"installed":true,"version":"8.13.0","resolution":"E:\\React-workspace\\amazon-replica\\functions\\node_modules\\firebase-admin\\lib\\index.js"}} {"metadata":{"emulator":{"name":"functions"},"function":{"name":"api"},"message":"[runtime-status] [2616] firebase-admin has been stubbed. {\"adminResolution\":{\"declared\":true,\"installed\":true,\"version\":\"8.13.0\",\"resolution\":\"E:\\\\React-workspace\\\\amazon-replica\\\\functions\\\\node_modules\\\\firebase-admin\\\\lib\\\\index.js\"}}"}}
[debug] [2020-10-02T04:18:09.828Z] [runtime-status] [2616] Trigger "api" has been found, beginning invocation! {"metadata":{"emulator":{"name":"functions"},"function":{"name":"api"},"message":"[runtime-status] [2616] Trigger \"api\" has been found, beginning invocation!"}}
[info] i  functions: Beginning execution of "api" {"metadata":{"emulator":{"name":"functions"},"function":{"name":"api"},"message":"Beginning execution of \"api\""}}
[debug] [2020-10-02T04:18:09.830Z] [runtime-status] [2616] triggerDefinition {"httpsTrigger":{},"name":"api","entryPoint":"api"} {"metadata":{"emulator":{"name":"functions"},"function":{"name":"api"},"message":"[runtime-status] [2616] triggerDefinition {\"httpsTrigger\":{},\"name\":\"api\",\"entryPoint\":\"api\"}"}}
[debug] [2020-10-02T04:18:09.830Z] [runtime-status] [2616] Running api in mode HTTPS {"metadata":{"emulator":{"name":"functions"},"function":{"name":"api"},"message":"[runtime-status] [2616] Running api in mode HTTPS"}}
[debug] [2020-10-02T04:18:09.837Z] [runtime-status] [2616] Attempting to listen to socketPath: \\?\pipe\E:\React-workspace\amazon-replica\functions\2616 {"metadata":{"emulator":{"name":"functions"},"function":{"name":"api"},"message":"[runtime-status] [2616] Attempting to listen to socketPath: \\\\?\\pipe\\E:\\React-workspace\\amazon-replica\\functions\\2616"}}
[debug] [2020-10-02T04:18:09.841Z] [functions] Runtime ready! Sending request! {"metadata":{"emulator":{"name":"functions"},"message":"[functions] Runtime ready! Sending request!"}}
[debug] [2020-10-02T04:18:09.849Z] [runtime-status] [2616] Ephemeral server handling GET request {"metadata":{"emulator":{"name":"functions"},"function":{"name":"api"},"message":"[runtime-status] [2616] Ephemeral server handling GET request"}}
[debug] [2020-10-02T04:18:09.858Z] [runtime-status] [2616] Ephemeral server survived. {"metadata":{"emulator":{"name":"functions"},"function":{"name":"api"},"message":"[runtime-status] [2616] Ephemeral server survived."}}
[info] i  functions: Finished "api" in ~1s {"metadata":{"emulator":{"name":"functions"},"function":{"name":"api"},"message":"Finished \"api\" in ~1s"}}
[debug] [2020-10-02T04:18:09.864Z] [worker-api-2479e20c-48bd-47a4-8418-0e06826aa575]: IDLE {"metadata":{"emulator":{"name":"functions"},"message":"[worker-api-2479e20c-48bd-47a4-8418-0e06826aa575]: IDLE"}}
[debug] [2020-10-02T04:18:09.865Z] [work-queue] {"queueLength":0,"workRunningCount":0}
[debug] [2020-10-02T04:18:09.924Z] Functions emulator received unknown request at path /favicon.ico
[debug] [2020-10-02T04:21:12.705Z] [work-queue] {"queueLength":1,"workRunningCount":0}
[debug] [2020-10-02T04:21:12.706Z] [work-queue] {"queueLength":0,"workRunningCount":1}
[debug] [2020-10-02T04:21:12.707Z] Accepted request GET /replica-3c544/us-central1/api/greet --> api
[debug] [2020-10-02T04:21:12.707Z] [worker-pool] submitWork(triggerId=api) {"metadata":{"emulator":{"name":"functions"},"message":"[worker-pool] submitWork(triggerId=api)"}}
[debug] [2020-10-02T04:21:12.708Z] [worker-api-2479e20c-48bd-47a4-8418-0e06826aa575]: Assigning socketPath: \\?\pipe\E:\React-workspace\amazon-replica\functions\2616 {"metadata":{"emulator":{"name":"functions"},"message":"[worker-api-2479e20c-48bd-47a4-8418-0e06826aa575]: Assigning socketPath: \\\\?\\pipe\\E:\\React-workspace\\amazon-replica\\functions\\2616"}}
[debug] [2020-10-02T04:21:12.708Z] [worker-api-2479e20c-48bd-47a4-8418-0e06826aa575]: BUSY {"metadata":{"emulator":{"name":"functions"},"message":"[worker-api-2479e20c-48bd-47a4-8418-0e06826aa575]: BUSY"}}
[debug] [2020-10-02T04:21:12.711Z] [runtime-status] [2616] Trigger "api" has been found, beginning invocation! {"metadata":{"emulator":{"name":"functions"},"function":{"name":"api"},"message":"[runtime-status] [2616] Trigger \"api\" has been found, beginning invocation!"}}
[info] i  functions: Beginning execution of "api" {"metadata":{"emulator":{"name":"functions"},"function":{"name":"api"},"message":"Beginning execution of \"api\""}}
[debug] [2020-10-02T04:21:12.717Z] [runtime-status] [2616] triggerDefinition {"httpsTrigger":{},"name":"api","entryPoint":"api"} {"metadata":{"emulator":{"name":"functions"},"function":{"name":"api"},"message":"[runtime-status] [2616] triggerDefinition {\"httpsTrigger\":{},\"name\":\"api\",\"entryPoint\":\"api\"}"}}
[debug] [2020-10-02T04:21:12.718Z] [runtime-status] [2616] Running api in mode HTTPS {"metadata":{"emulator":{"name":"functions"},"function":{"name":"api"},"message":"[runtime-status] [2616] Running api in mode HTTPS"}}
[debug] [2020-10-02T04:21:12.721Z] [runtime-status] [2616] Attempting to listen to socketPath: \\?\pipe\E:\React-workspace\amazon-replica\functions\2616 {"metadata":{"emulator":{"name":"functions"},"function":{"name":"api"},"message":"[runtime-status] [2616] Attempting to listen to socketPath: \\\\?\\pipe\\E:\\React-workspace\\amazon-replica\\functions\\2616"}}
[debug] [2020-10-02T04:21:12.726Z] [functions] Runtime ready! Sending request! {"metadata":{"emulator":{"name":"functions"},"message":"[functions] Runtime ready! Sending request!"}}
[debug] [2020-10-02T04:21:12.740Z] [runtime-status] [2616] Ephemeral server handling GET request {"metadata":{"emulator":{"name":"functions"},"function":{"name":"api"},"message":"[runtime-status] [2616] Ephemeral server handling GET request"}}
[debug] [2020-10-02T04:21:12.744Z] [runtime-status] [2616] Ephemeral server survived. {"metadata":{"emulator":{"name":"functions"},"function":{"name":"api"},"message":"[runtime-status] [2616] Ephemeral server survived."}}
[info] i  functions: Finished "api" in ~1s {"metadata":{"emulator":{"name":"functions"},"function":{"name":"api"},"message":"Finished \"api\" in ~1s"}}
[debug] [2020-10-02T04:21:12.751Z] [worker-api-2479e20c-48bd-47a4-8418-0e06826aa575]: IDLE {"metadata":{"emulator":{"name":"functions"},"message":"[worker-api-2479e20c-48bd-47a4-8418-0e06826aa575]: IDLE"}}
[debug] [2020-10-02T04:21:12.752Z] [work-queue] {"queueLength":0,"workRunningCount":0}
[info] i  hosting: 127.0.0.1 - - [02/Oct/2020:04:21:33 +0000] "GET / HTTP/1.1" 404 139 "http://localhost:4000/" "Mozilla/5.0 (Windows NT 10.0; Win64; x64) AppleWebKit/537.36 (KHTML, like Gecko) Chrome/85.0.4183.121 Safari/537.36" {"metadata":{"emulator":{"name":"hosting"},"message":"127.0.0.1 - - [02/Oct/2020:04:21:33 +0000] \"GET / HTTP/1.1\" 404 139 \"http://localhost:4000/\" \"Mozilla/5.0 (Windows NT 10.0; Win64; x64) AppleWebKit/537.36 (KHTML, like Gecko) Chrome/85.0.4183.121 Safari/537.36\""}}
[debug] [2020-10-02T04:28:25.930Z] [work-queue] {"queueLength":1,"workRunningCount":0}
[debug] [2020-10-02T04:28:25.931Z] [work-queue] {"queueLength":0,"workRunningCount":1}
[debug] [2020-10-02T04:28:25.932Z] Accepted request POST /replica-3c544/us-central1/api/payments/create?total=19800 --> api
[debug] [2020-10-02T04:28:25.932Z] [worker-pool] submitWork(triggerId=api) {"metadata":{"emulator":{"name":"functions"},"message":"[worker-pool] submitWork(triggerId=api)"}}
[debug] [2020-10-02T04:28:25.934Z] [worker-api-2479e20c-48bd-47a4-8418-0e06826aa575]: Assigning socketPath: \\?\pipe\E:\React-workspace\amazon-replica\functions\2616 {"metadata":{"emulator":{"name":"functions"},"message":"[worker-api-2479e20c-48bd-47a4-8418-0e06826aa575]: Assigning socketPath: \\\\?\\pipe\\E:\\React-workspace\\amazon-replica\\functions\\2616"}}
[debug] [2020-10-02T04:28:25.935Z] [worker-api-2479e20c-48bd-47a4-8418-0e06826aa575]: BUSY {"metadata":{"emulator":{"name":"functions"},"message":"[worker-api-2479e20c-48bd-47a4-8418-0e06826aa575]: BUSY"}}
[debug] [2020-10-02T04:28:25.939Z] [runtime-status] [2616] Trigger "api" has been found, beginning invocation! {"metadata":{"emulator":{"name":"functions"},"function":{"name":"api"},"message":"[runtime-status] [2616] Trigger \"api\" has been found, beginning invocation!"}}
[info] i  functions: Beginning execution of "api" {"metadata":{"emulator":{"name":"functions"},"function":{"name":"api"},"message":"Beginning execution of \"api\""}}
[debug] [2020-10-02T04:28:25.948Z] [runtime-status] [2616] triggerDefinition {"httpsTrigger":{},"name":"api","entryPoint":"api"} {"metadata":{"emulator":{"name":"functions"},"function":{"name":"api"},"message":"[runtime-status] [2616] triggerDefinition {\"httpsTrigger\":{},\"name\":\"api\",\"entryPoint\":\"api\"}"}}
[debug] [2020-10-02T04:28:25.949Z] [runtime-status] [2616] Running api in mode HTTPS {"metadata":{"emulator":{"name":"functions"},"function":{"name":"api"},"message":"[runtime-status] [2616] Running api in mode HTTPS"}}
[debug] [2020-10-02T04:28:25.950Z] [runtime-status] [2616] Attempting to listen to socketPath: \\?\pipe\E:\React-workspace\amazon-replica\functions\2616 {"metadata":{"emulator":{"name":"functions"},"function":{"name":"api"},"message":"[runtime-status] [2616] Attempting to listen to socketPath: \\\\?\\pipe\\E:\\React-workspace\\amazon-replica\\functions\\2616"}}
[debug] [2020-10-02T04:28:25.978Z] [functions] Runtime ready! Sending request! {"metadata":{"emulator":{"name":"functions"},"message":"[functions] Runtime ready! Sending request!"}}
[debug] [2020-10-02T04:28:25.983Z] [runtime-status] [2616] Ephemeral server handling POST request {"metadata":{"emulator":{"name":"functions"},"function":{"name":"api"},"message":"[runtime-status] [2616] Ephemeral server handling POST request"}}
[info] >  Payment Request Recieved BOOM!!! for this amount >>>  19800 {"user":"Payment Request Recieved BOOM!!! for this amount >>>  19800","metadata":{"emulator":{"name":"functions"},"function":{"name":"api"},"message":"\u001b[90m> \u001b[39m Payment Request Recieved BOOM!!! for this amount >>>  19800"}}
[debug] [2020-10-02T04:28:25.997Z] [runtime-status] [2616] Ephemeral server survived. {"metadata":{"emulator":{"name":"functions"},"function":{"name":"api"},"message":"[runtime-status] [2616] Ephemeral server survived."}}
[info] i  functions: Finished "api" in ~2s {"metadata":{"emulator":{"name":"functions"},"function":{"name":"api"},"message":"Finished \"api\" in ~2s"}}
[debug] [2020-10-02T04:28:28.124Z] [worker-api-2479e20c-48bd-47a4-8418-0e06826aa575]: IDLE {"metadata":{"emulator":{"name":"functions"},"message":"[worker-api-2479e20c-48bd-47a4-8418-0e06826aa575]: IDLE"}}
[debug] [2020-10-02T04:28:28.126Z] [work-queue] {"queueLength":0,"workRunningCount":0}
[debug] [2020-10-02T04:28:59.643Z] [work-queue] {"queueLength":1,"workRunningCount":0}
[debug] [2020-10-02T04:28:59.643Z] [work-queue] {"queueLength":0,"workRunningCount":1}
[debug] [2020-10-02T04:28:59.643Z] Accepted request POST /replica-3c544/us-central1/api/payments/create?total=0 --> api
[debug] [2020-10-02T04:28:59.644Z] [worker-pool] submitWork(triggerId=api) {"metadata":{"emulator":{"name":"functions"},"message":"[worker-pool] submitWork(triggerId=api)"}}
[debug] [2020-10-02T04:28:59.644Z] [worker-api-2479e20c-48bd-47a4-8418-0e06826aa575]: Assigning socketPath: \\?\pipe\E:\React-workspace\amazon-replica\functions\2616 {"metadata":{"emulator":{"name":"functions"},"message":"[worker-api-2479e20c-48bd-47a4-8418-0e06826aa575]: Assigning socketPath: \\\\?\\pipe\\E:\\React-workspace\\amazon-replica\\functions\\2616"}}
[debug] [2020-10-02T04:28:59.645Z] [worker-api-2479e20c-48bd-47a4-8418-0e06826aa575]: BUSY {"metadata":{"emulator":{"name":"functions"},"message":"[worker-api-2479e20c-48bd-47a4-8418-0e06826aa575]: BUSY"}}
[debug] [2020-10-02T04:28:59.646Z] [runtime-status] [2616] Trigger "api" has been found, beginning invocation! {"metadata":{"emulator":{"name":"functions"},"function":{"name":"api"},"message":"[runtime-status] [2616] Trigger \"api\" has been found, beginning invocation!"}}
[info] i  functions: Beginning execution of "api" {"metadata":{"emulator":{"name":"functions"},"function":{"name":"api"},"message":"Beginning execution of \"api\""}}
[debug] [2020-10-02T04:28:59.650Z] [runtime-status] [2616] triggerDefinition {"httpsTrigger":{},"name":"api","entryPoint":"api"} {"metadata":{"emulator":{"name":"functions"},"function":{"name":"api"},"message":"[runtime-status] [2616] triggerDefinition {\"httpsTrigger\":{},\"name\":\"api\",\"entryPoint\":\"api\"}"}}
[debug] [2020-10-02T04:28:59.651Z] [runtime-status] [2616] Running api in mode HTTPS {"metadata":{"emulator":{"name":"functions"},"function":{"name":"api"},"message":"[runtime-status] [2616] Running api in mode HTTPS"}}
[debug] [2020-10-02T04:28:59.652Z] [runtime-status] [2616] Attempting to listen to socketPath: \\?\pipe\E:\React-workspace\amazon-replica\functions\2616 {"metadata":{"emulator":{"name":"functions"},"function":{"name":"api"},"message":"[runtime-status] [2616] Attempting to listen to socketPath: \\\\?\\pipe\\E:\\React-workspace\\amazon-replica\\functions\\2616"}}
[debug] [2020-10-02T04:28:59.656Z] [functions] Runtime ready! Sending request! {"metadata":{"emulator":{"name":"functions"},"message":"[functions] Runtime ready! Sending request!"}}
[debug] [2020-10-02T04:28:59.669Z] [runtime-status] [2616] Ephemeral server handling POST request {"metadata":{"emulator":{"name":"functions"},"function":{"name":"api"},"message":"[runtime-status] [2616] Ephemeral server handling POST request"}}
[info] >  Payment Request Recieved BOOM!!! for this amount >>>  0 {"user":"Payment Request Recieved BOOM!!! for this amount >>>  0","metadata":{"emulator":{"name":"functions"},"function":{"name":"api"},"message":"\u001b[90m> \u001b[39m Payment Request Recieved BOOM!!! for this amount >>>  0"}}
[debug] [2020-10-02T04:28:59.675Z] [runtime-status] [2616] Ephemeral server survived. {"metadata":{"emulator":{"name":"functions"},"function":{"name":"api"},"message":"[runtime-status] [2616] Ephemeral server survived."}}
[info] >  (node:2616) UnhandledPromiseRejectionWarning: Error: This value must be greater than or equal to 1. {"user":"(node:2616) UnhandledPromiseRejectionWarning: Error: This value must be greater than or equal to 1.","metadata":{"emulator":{"name":"functions"},"function":{"name":"api"},"message":"\u001b[90m> \u001b[39m (node:2616) UnhandledPromiseRejectionWarning: Error: This value must be greater than or equal to 1."}}
[info] >      at Function.generate (E:\React-workspace\amazon-replica\functions\node_modules\stripe\lib\Error.js:39:16) {"user":"    at Function.generate (E:\\React-workspace\\amazon-replica\\functions\\node_modules\\stripe\\lib\\Error.js:39:16)","metadata":{"emulator":{"name":"functions"},"function":{"name":"api"},"message":"\u001b[90m> \u001b[39m     at Function.generate (E:\\React-workspace\\amazon-replica\\functions\\node_modules\\stripe\\lib\\Error.js:39:16)"}}
[info] >      at IncomingMessage.<anonymous> (E:\React-workspace\amazon-replica\functions\node_modules\stripe\lib\StripeResource.js:190:33) {"user":"    at IncomingMessage.<anonymous> (E:\\React-workspace\\amazon-replica\\functions\\node_modules\\stripe\\lib\\StripeResource.js:190:33)","metadata":{"emulator":{"name":"functions"},"function":{"name":"api"},"message":"\u001b[90m> \u001b[39m     at IncomingMessage.<anonymous> (E:\\React-workspace\\amazon-replica\\functions\\node_modules\\stripe\\lib\\StripeResource.js:190:33)"}}
[info] >      at Object.onceWrapper (events.js:421:28) {"user":"    at Object.onceWrapper (events.js:421:28)","metadata":{"emulator":{"name":"functions"},"function":{"name":"api"},"message":"\u001b[90m> \u001b[39m     at Object.onceWrapper (events.js:421:28)"}}
[info] >      at IncomingMessage.emit (events.js:327:22) {"user":"    at IncomingMessage.emit (events.js:327:22)","metadata":{"emulator":{"name":"functions"},"function":{"name":"api"},"message":"\u001b[90m> \u001b[39m     at IncomingMessage.emit (events.js:327:22)"}}
[info] >      at endReadableNT (_stream_readable.js:1220:12) {"user":"    at endReadableNT (_stream_readable.js:1220:12)","metadata":{"emulator":{"name":"functions"},"function":{"name":"api"},"message":"\u001b[90m> \u001b[39m     at endReadableNT (_stream_readable.js:1220:12)"}}
[info] >      at processTicksAndRejections (internal/process/task_queues.js:84:21) {"user":"    at processTicksAndRejections (internal/process/task_queues.js:84:21)","metadata":{"emulator":{"name":"functions"},"function":{"name":"api"},"message":"\u001b[90m> \u001b[39m     at processTicksAndRejections (internal/process/task_queues.js:84:21)"}}
[info] >  (node:2616) UnhandledPromiseRejectionWarning: Unhandled promise rejection. This error originated either by throwing inside of an async function without a catch block, or by rejecting a promise which was not handled with .catch(). To terminate the node process on unhandled promise rejection, use the CLI flag `--unhandled-rejections=strict` (see https://nodejs.org/api/cli.html#cli_unhandled_rejections_mode). (rejection id: 1) {"user":"(node:2616) UnhandledPromiseRejectionWarning: Unhandled promise rejection. This error originated either by throwing inside of an async function without a catch block, or by rejecting a promise which was not handled with .catch(). To terminate the node process on unhandled promise rejection, use the CLI flag `--unhandled-rejections=strict` (see https://nodejs.org/api/cli.html#cli_unhandled_rejections_mode). (rejection id: 1)","metadata":{"emulator":{"name":"functions"},"function":{"name":"api"},"message":"\u001b[90m> \u001b[39m (node:2616) UnhandledPromiseRejectionWarning: Unhandled promise rejection. This error originated either by throwing inside of an async function without a catch block, or by rejecting a promise which was not handled with .catch(). To terminate the node process on unhandled promise rejection, use the CLI flag `--unhandled-rejections=strict` (see https://nodejs.org/api/cli.html#cli_unhandled_rejections_mode). (rejection id: 1)"}}
[info] >  (node:2616) [DEP0018] DeprecationWarning: Unhandled promise rejections are deprecated. In the future, promise rejections that are not handled will terminate the Node.js process with a non-zero exit code. {"user":"(node:2616) [DEP0018] DeprecationWarning: Unhandled promise rejections are deprecated. In the future, promise rejections that are not handled will terminate the Node.js process with a non-zero exit code.","metadata":{"emulator":{"name":"functions"},"function":{"name":"api"},"message":"\u001b[90m> \u001b[39m (node:2616) [DEP0018] DeprecationWarning: Unhandled promise rejections are deprecated. In the future, promise rejections that are not handled will terminate the Node.js process with a non-zero exit code."}}
[warn] !  functions: Your function timed out after ~60s. To configure this timeout, see
      https://firebase.google.com/docs/functions/manage-functions#set_timeout_and_memory_allocation. {"metadata":{"emulator":{"name":"functions"},"function":{"name":"api"},"message":"Your function timed out after ~60s. To configure this timeout, see\n      https://firebase.google.com/docs/functions/manage-functions#set_timeout_and_memory_allocation."}}
[info] >  C:\Users\DELL\AppData\Roaming\npm\node_modules\firebase-tools\lib\emulator\functionsEmulatorRuntime.js:642 {"user":"C:\\Users\\DELL\\AppData\\Roaming\\npm\\node_modules\\firebase-tools\\lib\\emulator\\functionsEmulatorRuntime.js:642\r","metadata":{"emulator":{"name":"functions"},"function":{"name":"api"},"message":"\u001b[90m> \u001b[39m C:\\Users\\DELL\\AppData\\Roaming\\npm\\node_modules\\firebase-tools\\lib\\emulator\\functionsEmulatorRuntime.js:642\r"}}
[info] >                  throw new Error("Function timed out."); {"user":"                throw new Error(\"Function timed out.\");\r","metadata":{"emulator":{"name":"functions"},"function":{"name":"api"},"message":"\u001b[90m> \u001b[39m                 throw new Error(\"Function timed out.\");\r"}}
[info] >                  ^ {"user":"                ^\r","metadata":{"emulator":{"name":"functions"},"function":{"name":"api"},"message":"\u001b[90m> \u001b[39m                 ^\r"}}
[info] >   {"user":"\r","metadata":{"emulator":{"name":"functions"},"function":{"name":"api"},"message":"\u001b[90m> \u001b[39m \r"}}
[info] >  Error: Function timed out. {"user":"Error: Function timed out.\r","metadata":{"emulator":{"name":"functions"},"function":{"name":"api"},"message":"\u001b[90m> \u001b[39m Error: Function timed out.\r"}}
[info] >      at Timeout._onTimeout (C:\Users\DELL\AppData\Roaming\npm\node_modules\firebase-tools\lib\emulator\functionsEmulatorRuntime.js:642:23) {"user":"    at Timeout._onTimeout (C:\\Users\\DELL\\AppData\\Roaming\\npm\\node_modules\\firebase-tools\\lib\\emulator\\functionsEmulatorRuntime.js:642:23)\r","metadata":{"emulator":{"name":"functions"},"function":{"name":"api"},"message":"\u001b[90m> \u001b[39m     at Timeout._onTimeout (C:\\Users\\DELL\\AppData\\Roaming\\npm\\node_modules\\firebase-tools\\lib\\emulator\\functionsEmulatorRuntime.js:642:23)\r"}}
[info] >      at listOnTimeout (internal/timers.js:549:17) {"user":"    at listOnTimeout (internal/timers.js:549:17)\r","metadata":{"emulator":{"name":"functions"},"function":{"name":"api"},"message":"\u001b[90m> \u001b[39m     at listOnTimeout (internal/timers.js:549:17)\r"}}
[info] >      at processTimers (internal/timers.js:492:7) {"user":"    at processTimers (internal/timers.js:492:7)\r","metadata":{"emulator":{"name":"functions"},"function":{"name":"api"},"message":"\u001b[90m> \u001b[39m     at processTimers (internal/timers.js:492:7)\r"}}
[debug] [2020-10-02T04:29:59.824Z] [worker-api-2479e20c-48bd-47a4-8418-0e06826aa575]: exited {"metadata":{"emulator":{"name":"functions"},"message":"[worker-api-2479e20c-48bd-47a4-8418-0e06826aa575]: exited"}}
[debug] [2020-10-02T04:29:59.825Z] [worker-api-2479e20c-48bd-47a4-8418-0e06826aa575]: FINISHED {"metadata":{"emulator":{"name":"functions"},"message":"[worker-api-2479e20c-48bd-47a4-8418-0e06826aa575]: FINISHED"}}
[debug] [2020-10-02T04:29:59.825Z] [work-queue] {"queueLength":0,"workRunningCount":0}
